f:\fileexchangeprojectsv11\energy_harvesting_iot\energy_harvesting_v11\32bit\code\zigbee\debug\vc141.pdb
f:\fileexchangeprojectsv11\energy_harvesting_iot\energy_harvesting_v11\32bit\code\zigbee\debug\vc141.idb
f:\fileexchangeprojectsv11\energy_harvesting_iot\energy_harvesting_v11\32bit\code\zigbee\debug\unslottedcsmaca.obj
f:\fileexchangeprojectsv11\energy_harvesting_iot\energy_harvesting_v11\32bit\code\zigbee\debug\superframe.obj
f:\fileexchangeprojectsv11\energy_harvesting_iot\energy_harvesting_v11\32bit\code\zigbee\debug\slottedcsmaca.obj
f:\fileexchangeprojectsv11\energy_harvesting_iot\energy_harvesting_v11\32bit\code\zigbee\debug\sinrcalculation.obj
f:\fileexchangeprojectsv11\energy_harvesting_iot\energy_harvesting_v11\32bit\code\zigbee\debug\locatebackoffboundary.obj
f:\fileexchangeprojectsv11\energy_harvesting_iot\energy_harvesting_v11\32bit\code\zigbee\debug\changeradiostate.obj
f:\fileexchangeprojectsv11\energy_harvesting_iot\energy_harvesting_v11\32bit\code\zigbee\debug\cca.obj
f:\fileexchangeprojectsv11\energy_harvesting_iot\energy_harvesting_v11\32bit\code\zigbee\debug\bercalculation.obj
f:\fileexchangeprojectsv11\energy_harvesting_iot\energy_harvesting_v11\32bit\code\zigbee\debug\backoffcalculation.obj
f:\fileexchangeprojectsv11\energy_harvesting_iot\energy_harvesting_v11\32bit\code\zigbee\debug\802_15_4.obj
f:\fileexchangeprojectsv11\energy_harvesting_iot\energy_harvesting_v11\32bit\code\dll\libzigbee.dll
f:\fileexchangeprojectsv11\energy_harvesting_iot\energy_harvesting_v11\32bit\code\dll\zigbee.pdb
f:\fileexchangeprojectsv11\energy_harvesting_iot\energy_harvesting_v11\32bit\code\dll\zigbee.lib
f:\fileexchangeprojectsv11\energy_harvesting_iot\energy_harvesting_v11\32bit\code\dll\zigbee.exp
f:\fileexchangeprojectsv11\energy_harvesting_iot\energy_harvesting_v11\32bit\code\zigbee\debug\zigbee.tlog\cl.command.1.tlog
f:\fileexchangeprojectsv11\energy_harvesting_iot\energy_harvesting_v11\32bit\code\zigbee\debug\zigbee.tlog\cl.read.1.tlog
f:\fileexchangeprojectsv11\energy_harvesting_iot\energy_harvesting_v11\32bit\code\zigbee\debug\zigbee.tlog\cl.write.1.tlog
f:\fileexchangeprojectsv11\energy_harvesting_iot\energy_harvesting_v11\32bit\code\zigbee\debug\zigbee.tlog\link.command.1.tlog
f:\fileexchangeprojectsv11\energy_harvesting_iot\energy_harvesting_v11\32bit\code\zigbee\debug\zigbee.tlog\link.read.1.tlog
f:\fileexchangeprojectsv11\energy_harvesting_iot\energy_harvesting_v11\32bit\code\zigbee\debug\zigbee.tlog\link.write.1.tlog
f:\fileexchangeprojectsv11\energy_harvesting_iot\energy_harvesting_v11\32bit\code\zigbee\debug\zigbee.tlog\zigbee.write.1u.tlog
